2019-08-04 23:47:40 [main] INFO  TestBase:47 - Report path: /Users/jovidonbegov/Desktop/Java Projects/Spring2019FinalTestNGFramework/test-output/reports/08_04_2019/report.html
2019-08-04 23:47:47 [main] INFO  TestBase:71 - URL: http://qa2.vytrack.com/user/login
2019-08-04 23:48:00 [main] INFO  TestBase:71 - URL: http://qa2.vytrack.com/user/login
2019-08-04 23:48:16 [main] ERROR BasePage:52 - Loader mask doesn't present.
2019-08-04 23:48:21 [main] ERROR BasePage:52 - Loader mask doesn't present.
2019-08-04 23:48:21 [main] INFO  TestBase:109 - :: FLUSHING REPORT ::
2019-08-04 23:50:30 [main] INFO  TestBase:47 - Report path: /Users/jovidonbegov/Desktop/Java Projects/Spring2019FinalTestNGFramework/test-output/reports/08_04_2019/report.html
2019-08-04 23:50:36 [main] INFO  TestBase:71 - URL: http://qa2.vytrack.com/user/login
2019-08-04 23:50:49 [main] ERROR BasePage:52 - Loader mask doesn't present.
2019-08-04 23:50:56 [main] INFO  TestBase:71 - URL: http://qa2.vytrack.com/user/login
2019-08-04 23:51:08 [main] ERROR BasePage:52 - Loader mask doesn't present.
2019-08-04 23:51:13 [main] ERROR BasePage:52 - Loader mask doesn't present.
2019-08-04 23:51:13 [main] INFO  TestBase:109 - :: FLUSHING REPORT ::
2019-08-06 01:43:09 [main] INFO  TestBase:47 - Report path: /Users/jovidonbegov/Desktop/Java Projects/Spring2019FinalTestNGFramework/test-output/reports/08_06_2019/report.html
2019-08-06 01:43:21 [main] INFO  TestBase:71 - URL: http://qa2.vytrack.com/user/login
2019-08-06 01:43:28 [main] ERROR BasePage:52 - Loader mask doesn't present.
2019-08-06 01:43:41 [main] INFO  TestBase:71 - URL: http://qa2.vytrack.com/user/login
2019-08-06 01:43:47 [main] ERROR BasePage:52 - Loader mask doesn't present.
2019-08-06 01:43:59 [main] INFO  TestBase:71 - URL: http://qa2.vytrack.com/user/login
2019-08-06 01:44:06 [main] ERROR BasePage:52 - Loader mask doesn't present.
2019-08-06 01:44:19 [main] INFO  TestBase:71 - URL: http://qa2.vytrack.com/user/login
2019-08-06 01:44:26 [main] ERROR BasePage:52 - Loader mask doesn't present.
2019-08-06 01:44:38 [main] INFO  TestBase:71 - URL: http://qa2.vytrack.com/user/login
2019-08-06 01:44:44 [main] ERROR BasePage:52 - Loader mask doesn't present.
2019-08-06 01:44:56 [main] INFO  TestBase:71 - URL: http://qa2.vytrack.com/user/login
2019-08-06 01:45:04 [main] INFO  TestBase:71 - URL: http://qa2.vytrack.com/user/login
2019-08-06 01:45:15 [main] INFO  TestBase:71 - URL: http://qa2.vytrack.com/user/login
2019-08-06 01:45:31 [main] INFO  TestBase:71 - URL: http://qa2.vytrack.com/user/login
2019-08-06 01:45:53 [main] INFO  TestBase:71 - URL: http://qa2.vytrack.com/user/login
2019-08-06 01:46:07 [main] INFO  TestBase:71 - URL: http://qa2.vytrack.com/user/login
2019-08-06 01:46:21 [main] INFO  TestBase:71 - URL: http://qa2.vytrack.com/user/login
2019-08-06 01:46:36 [main] INFO  TestBase:71 - URL: http://qa2.vytrack.com/user/login
2019-08-06 01:46:39 [main] INFO  TestBase:71 - URL: http://qa2.vytrack.com/user/login
2019-08-06 01:46:40 [main] INFO  TestBase:109 - :: FLUSHING REPORT ::
2019-08-06 01:52:58 [main] INFO  TestBase:47 - Report path: /Users/jovidonbegov/Desktop/Java Projects/Spring2019FinalTestNGFramework/test-output/reports/08_06_2019/report.html
2019-08-06 01:53:09 [main] INFO  TestBase:71 - URL: http://qa2.vytrack.com/user/login
2019-08-06 01:53:29 [main] INFO  TestBase:71 - URL: http://qa2.vytrack.com/user/login
2019-08-06 01:53:47 [main] INFO  TestBase:71 - URL: http://qa2.vytrack.com/user/login
2019-08-06 01:53:59 [main] INFO  TestBase:71 - URL: http://qa2.vytrack.com/user/login
2019-08-06 01:54:03 [main] INFO  TestBase:71 - URL: http://qa2.vytrack.com/user/login
2019-08-06 01:54:19 [main] INFO  TestBase:71 - URL: http://qa2.vytrack.com/user/login
2019-08-06 01:54:34 [main] INFO  TestBase:71 - URL: http://qa2.vytrack.com/user/login
2019-08-06 01:54:48 [main] INFO  TestBase:71 - URL: http://qa2.vytrack.com/user/login
2019-08-06 01:55:10 [main] INFO  TestBase:71 - URL: http://qa2.vytrack.com/user/login
2019-08-06 01:55:15 [main] INFO  TestBase:71 - URL: http://qa2.vytrack.com/user/login
2019-08-06 01:55:16 [main] INFO  TestBase:109 - :: FLUSHING REPORT ::
2019-08-06 01:57:05 [main] INFO  TestBase:47 - Report path: /Users/jovidonbegov/Desktop/Java Projects/Spring2019FinalTestNGFramework/test-output/reports/08_06_2019/report.html
2019-08-06 01:57:15 [main] INFO  TestBase:71 - URL: http://qa2.vytrack.com/user/login
2019-08-06 01:57:25 [main] ERROR BasePage:53 - Loader mask doesn't present.
2019-08-06 01:57:30 [main] ERROR BasePage:53 - Loader mask doesn't present.
2019-08-06 01:57:39 [main] INFO  TestBase:71 - URL: http://qa2.vytrack.com/user/login
2019-08-06 01:57:51 [main] ERROR BasePage:53 - Loader mask doesn't present.
2019-08-06 01:58:00 [main] INFO  TestBase:71 - URL: http://qa2.vytrack.com/user/login
2019-08-06 01:58:06 [main] ERROR BasePage:53 - Loader mask doesn't present.
2019-08-06 01:58:18 [main] INFO  TestBase:71 - URL: http://qa2.vytrack.com/user/login
2019-08-06 01:58:26 [main] ERROR BasePage:53 - Loader mask doesn't present.
2019-08-06 01:58:38 [main] INFO  TestBase:71 - URL: http://qa2.vytrack.com/user/login
2019-08-06 01:58:47 [main] INFO  TestBase:71 - URL: http://qa2.vytrack.com/user/login
2019-08-06 01:58:53 [main] INFO  TestBase:71 - URL: http://qa2.vytrack.com/user/login
2019-08-06 01:59:15 [main] ERROR BasePage:53 - Loader mask doesn't present.
2019-08-06 01:59:21 [main] ERROR BasePage:53 - Loader mask doesn't present.
2019-08-06 01:59:24 [main] INFO  TestBase:71 - URL: http://qa2.vytrack.com/user/login
2019-08-06 01:59:46 [main] ERROR BasePage:53 - Loader mask doesn't present.
2019-08-06 01:59:52 [main] ERROR BasePage:53 - Loader mask doesn't present.
2019-08-06 01:59:55 [main] INFO  TestBase:71 - URL: http://qa2.vytrack.com/user/login
2019-08-06 02:00:12 [main] ERROR BasePage:53 - Loader mask doesn't present.
2019-08-06 02:00:18 [main] ERROR BasePage:53 - Loader mask doesn't present.
2019-08-06 02:00:21 [main] INFO  TestBase:71 - URL: http://qa2.vytrack.com/user/login
2019-08-06 02:00:33 [main] ERROR BasePage:53 - Loader mask doesn't present.
2019-08-06 02:00:38 [main] ERROR BasePage:53 - Loader mask doesn't present.
2019-08-06 02:00:41 [main] INFO  TestBase:71 - URL: http://qa2.vytrack.com/user/login
2019-08-06 02:00:45 [main] INFO  TestBase:71 - URL: http://qa2.vytrack.com/user/login
2019-08-06 02:00:51 [main] INFO  TestBase:109 - :: FLUSHING REPORT ::
2019-08-06 02:02:56 [main] INFO  TestBase:47 - Report path: /Users/jovidonbegov/Desktop/Java Projects/Spring2019FinalTestNGFramework/test-output/reports/08_06_2019/report.html
2019-08-06 02:03:06 [main] INFO  TestBase:71 - URL: http://qa2.vytrack.com/user/login
2019-08-06 02:03:27 [main] INFO  TestBase:71 - URL: http://qa2.vytrack.com/user/login
2019-08-06 02:03:47 [main] INFO  TestBase:71 - URL: http://qa2.vytrack.com/user/login
2019-08-06 02:04:05 [main] INFO  TestBase:71 - URL: http://qa2.vytrack.com/user/login
2019-08-06 02:04:18 [main] ERROR BasePage:53 - Loader mask doesn't present.
2019-08-06 02:04:26 [main] INFO  TestBase:71 - URL: http://qa2.vytrack.com/user/login
2019-08-06 02:04:34 [main] INFO  TestBase:71 - URL: http://qa2.vytrack.com/user/login
2019-08-06 02:04:39 [main] INFO  TestBase:71 - URL: http://qa2.vytrack.com/user/login
2019-08-06 02:04:52 [main] INFO  TestBase:71 - URL: http://qa2.vytrack.com/user/login
2019-08-06 02:05:05 [main] INFO  TestBase:71 - URL: http://qa2.vytrack.com/user/login
2019-08-06 02:05:17 [main] INFO  TestBase:71 - URL: http://qa2.vytrack.com/user/login
2019-08-06 02:05:30 [main] INFO  TestBase:71 - URL: http://qa2.vytrack.com/user/login
2019-08-06 02:05:32 [main] INFO  TestBase:71 - URL: http://qa2.vytrack.com/user/login
2019-08-06 02:05:33 [main] INFO  TestBase:109 - :: FLUSHING REPORT ::
2019-08-06 02:06:59 [main] INFO  TestBase:47 - Report path: /Users/jovidonbegov/Desktop/Java Projects/Spring2019FinalTestNGFramework/test-output/reports/08_06_2019/report.html
2019-08-06 02:07:03 [TestNG-test=Login tests using Firefox-1] INFO  TestBase:71 - URL: http://qa2.vytrack.com/user/login
2019-08-06 02:07:22 [TestNG-test=Login tests using Firefox-1] INFO  TestBase:71 - URL: http://qa2.vytrack.com/user/login
2019-08-06 02:07:45 [TestNG-test=Login tests using Firefox-1] INFO  TestBase:71 - URL: http://qa2.vytrack.com/user/login
2019-08-06 02:08:04 [TestNG-test=Login tests using Firefox-1] INFO  TestBase:71 - URL: http://qa2.vytrack.com/user/login
2019-08-06 02:08:23 [TestNG-test=Login tests using Firefox-1] INFO  TestBase:71 - URL: http://qa2.vytrack.com/user/login
2019-08-06 02:08:46 [TestNG-test=Login tests using Chrome-1] INFO  TestBase:71 - URL: http://qa2.vytrack.com/user/login
2019-08-06 02:09:09 [TestNG-test=Login tests using Chrome-1] INFO  TestBase:71 - URL: http://qa2.vytrack.com/user/login
2019-08-06 02:09:37 [TestNG-test=Login tests using Chrome-1] INFO  TestBase:71 - URL: http://qa2.vytrack.com/user/login
2019-08-06 02:10:01 [TestNG-test=Login tests using Chrome-1] INFO  TestBase:71 - URL: http://qa2.vytrack.com/user/login
2019-08-06 02:10:27 [TestNG-test=Login tests using Chrome-1] INFO  TestBase:71 - URL: http://qa2.vytrack.com/user/login
2019-08-06 02:10:46 [main] INFO  TestBase:109 - :: FLUSHING REPORT ::
2019-08-06 02:34:52 [main] INFO  TestBase:47 - Report path: /Users/jovidonbegov/Desktop/Java Projects/Spring2019FinalTestNGFramework/test-output/reports/08_06_2019/report.html
2019-08-06 02:34:58 [main] INFO  TestBase:71 - URL: http://qa2.vytrack.com/user/login
2019-08-06 02:35:21 [main] ERROR BasePage:53 - Loader mask doesn't present.
2019-08-06 02:35:32 [main] ERROR BasePage:53 - Loader mask doesn't present.
2019-08-06 02:35:35 [main] INFO  TestBase:71 - URL: http://qa2.vytrack.com/user/login
2019-08-06 02:35:50 [main] INFO  TestBase:71 - URL: http://qa2.vytrack.com/user/login
2019-08-06 02:36:10 [main] ERROR BasePage:53 - Loader mask doesn't present.
2019-08-06 02:36:17 [main] INFO  TestBase:71 - URL: http://qa2.vytrack.com/user/login
2019-08-06 02:36:46 [main] INFO  TestBase:71 - URL: http://qa2.vytrack.com/user/login
2019-08-06 02:36:50 [main] INFO  TestBase:71 - URL: http://qa2.vytrack.com/user/login
2019-08-06 02:36:57 [main] INFO  TestBase:109 - :: FLUSHING REPORT ::
2019-08-06 02:51:34 [main] INFO  TestBase:47 - Report path: /Users/jovidonbegov/Desktop/Java Projects/Spring2019FinalTestNGFramework/test-output/reports/08_06_2019/report.html
2019-08-06 02:51:40 [main] INFO  TestBase:71 - URL: http://qa2.vytrack.com/user/login
2019-08-06 02:52:04 [main] ERROR BasePage:85 - Failed to click on :: Calendar Events
2019-08-06 02:52:04 [main] ERROR BasePage:86 - org.openqa.selenium.TimeoutException: Expected condition failed: waiting for visibility of element located by By.xpath: //span[normalize-space()='Calendar Events' and contains(@class, 'title title-level-2')] (tried for 8 second(s) with 500 milliseconds interval)
Build info: version: '3.141.59', revision: 'e82be7d358', time: '2018-11-14T08:17:03'
System info: host: 'JOVIDONs-Air', ip: '2605:e000:1908:a34:0:0:0:1000%en0', os.name: 'Mac OS X', os.arch: 'x86_64', os.version: '10.13.4', java.version: '11.0.1'
Driver info: org.openqa.selenium.chrome.ChromeDriver
Capabilities {acceptInsecureCerts: false, browserName: chrome, browserVersion: 75.0.3770.142, chrome: {chromedriverVersion: 75.0.3770.8 (681f24ea911fe7..., userDataDir: /var/folders/c_/8x20_kbn4vn...}, goog:chromeOptions: {debuggerAddress: localhost:65183}, javascriptEnabled: true, networkConnectionEnabled: false, pageLoadStrategy: normal, platform: MAC, platformName: MAC, proxy: Proxy(), setWindowRect: true, strictFileInteractability: false, timeouts: {implicit: 0, pageLoad: 300000, script: 30000}, unhandledPromptBehavior: dismiss and notify}
Session ID: c3ef2a15ba32c435f5612734fde55e63
2019-08-06 02:53:08 [main] ERROR BasePage:53 - Loader mask doesn't present.
2019-08-06 02:53:19 [main] INFO  TestBase:71 - URL: http://qa2.vytrack.com/user/login
2019-08-06 02:53:36 [main] ERROR BasePage:85 - Failed to click on :: Calendar Events
2019-08-06 02:53:36 [main] ERROR BasePage:86 - org.openqa.selenium.TimeoutException: Expected condition failed: waiting for visibility of element located by By.xpath: //span[normalize-space()='Calendar Events' and contains(@class, 'title title-level-2')] (tried for 8 second(s) with 500 milliseconds interval)
Build info: version: '3.141.59', revision: 'e82be7d358', time: '2018-11-14T08:17:03'
System info: host: 'JOVIDONs-Air', ip: '2605:e000:1908:a34:0:0:0:1000%en0', os.name: 'Mac OS X', os.arch: 'x86_64', os.version: '10.13.4', java.version: '11.0.1'
Driver info: org.openqa.selenium.chrome.ChromeDriver
Capabilities {acceptInsecureCerts: false, browserName: chrome, browserVersion: 75.0.3770.142, chrome: {chromedriverVersion: 75.0.3770.8 (681f24ea911fe7..., userDataDir: /var/folders/c_/8x20_kbn4vn...}, goog:chromeOptions: {debuggerAddress: localhost:65231}, javascriptEnabled: true, networkConnectionEnabled: false, pageLoadStrategy: normal, platform: MAC, platformName: MAC, proxy: Proxy(), setWindowRect: true, strictFileInteractability: false, timeouts: {implicit: 0, pageLoad: 300000, script: 30000}, unhandledPromptBehavior: dismiss and notify}
Session ID: 9254876fc329896e752b5a22929889c9
2019-08-06 02:54:40 [main] ERROR BasePage:53 - Loader mask doesn't present.
2019-08-06 03:10:39 [main] INFO  TestBase:47 - Report path: /Users/jovidonbegov/Desktop/Java Projects/Spring2019FinalTestNGFramework/test-output/reports/08_06_2019/report.html
2019-08-06 03:10:45 [main] INFO  TestBase:71 - URL: http://qa2.vytrack.com/user/login
2019-08-06 03:11:07 [main] INFO  TestBase:71 - URL: http://qa2.vytrack.com/user/login
2019-08-06 03:11:30 [main] INFO  TestBase:71 - URL: http://qa2.vytrack.com/user/login
2019-08-06 03:12:29 [main] INFO  TestBase:71 - URL: http://qa2.vytrack.com/user/login
2019-08-06 03:13:26 [main] INFO  TestBase:71 - URL: http://qa2.vytrack.com/user/login
2019-08-06 03:14:09 [main] INFO  TestBase:71 - URL: http://qa2.vytrack.com/user/login
2019-08-06 03:14:24 [main] INFO  TestBase:71 - URL: http://qa2.vytrack.com/user/login
2019-08-06 03:14:47 [main] ERROR BasePage:53 - Loader mask doesn't present.
2019-08-06 03:14:57 [main] ERROR BasePage:53 - Loader mask doesn't present.
2019-08-06 03:15:00 [main] INFO  TestBase:71 - URL: http://qa2.vytrack.com/user/login
2019-08-06 03:15:24 [main] ERROR BasePage:53 - Loader mask doesn't present.
2019-08-06 03:15:34 [main] ERROR BasePage:53 - Loader mask doesn't present.
2019-08-06 03:15:37 [main] INFO  TestBase:71 - URL: http://qa2.vytrack.com/user/login
2019-08-06 03:15:47 [main] INFO  TestBase:71 - URL: http://qa2.vytrack.com/user/login
2019-08-06 03:15:48 [main] INFO  TestBase:109 - :: FLUSHING REPORT ::
2019-08-06 03:18:29 [main] INFO  TestBase:47 - Report path: /Users/jovidonbegov/Desktop/Java Projects/Spring2019FinalTestNGFramework/test-output/reports/08_06_2019/report.html
2019-08-06 03:18:34 [main] INFO  TestBase:71 - URL: http://qa2.vytrack.com/user/login
2019-08-06 03:18:53 [main] INFO  TestBase:71 - URL: http://qa2.vytrack.com/user/login
2019-08-06 03:19:15 [main] INFO  TestBase:71 - URL: http://qa2.vytrack.com/user/login
2019-08-06 03:19:32 [main] INFO  TestBase:71 - URL: http://qa2.vytrack.com/user/login
2019-08-06 03:19:50 [main] INFO  TestBase:71 - URL: http://qa2.vytrack.com/user/login
2019-08-06 03:20:09 [main] INFO  TestBase:71 - URL: http://qa2.vytrack.com/user/login
2019-08-06 03:20:22 [main] INFO  TestBase:71 - URL: http://qa2.vytrack.com/user/login
2019-08-06 03:20:34 [main] INFO  TestBase:71 - URL: http://qa2.vytrack.com/user/login
2019-08-06 03:20:47 [main] INFO  TestBase:71 - URL: http://qa2.vytrack.com/user/login
2019-08-06 03:20:50 [main] INFO  TestBase:71 - URL: http://qa2.vytrack.com/user/login
2019-08-06 03:20:50 [main] INFO  TestBase:109 - :: FLUSHING REPORT ::
2019-08-06 03:21:31 [main] INFO  TestBase:47 - Report path: /Users/jovidonbegov/Desktop/Java Projects/Spring2019FinalTestNGFramework/test-output/reports/08_06_2019/report.html
2019-08-06 03:21:35 [main] INFO  TestBase:71 - URL: http://qa3.vytrack.com/user/login
2019-08-06 03:21:53 [main] INFO  TestBase:71 - URL: http://qa3.vytrack.com/user/login
2019-08-06 03:22:14 [main] INFO  TestBase:71 - URL: http://qa3.vytrack.com/user/login
2019-08-06 03:22:32 [main] INFO  TestBase:71 - URL: http://qa3.vytrack.com/user/login
2019-08-06 03:22:54 [main] INFO  TestBase:71 - URL: http://qa3.vytrack.com/user/login
2019-08-06 03:23:12 [main] INFO  TestBase:71 - URL: http://qa3.vytrack.com/user/login
2019-08-06 03:23:25 [main] INFO  TestBase:71 - URL: http://qa3.vytrack.com/user/login
2019-08-06 03:23:38 [main] INFO  TestBase:71 - URL: http://qa3.vytrack.com/user/login
2019-08-06 03:23:51 [main] INFO  TestBase:71 - URL: http://qa3.vytrack.com/user/login
2019-08-06 03:23:53 [main] INFO  TestBase:71 - URL: http://qa3.vytrack.com/user/login
2019-08-06 03:23:54 [main] INFO  TestBase:109 - :: FLUSHING REPORT ::
2019-08-06 03:24:18 [main] INFO  TestBase:47 - Report path: /Users/jovidonbegov/Desktop/Java Projects/Spring2019FinalTestNGFramework/test-output/reports/08_06_2019/report.html
2019-08-06 03:24:21 [main] INFO  TestBase:71 - URL: http://qa3.vytrack.com/user/login
2019-08-06 03:24:40 [main] INFO  TestBase:71 - URL: http://qa3.vytrack.com/user/login
2019-08-06 03:25:02 [main] INFO  TestBase:71 - URL: http://qa3.vytrack.com/user/login
2019-08-06 03:25:21 [main] INFO  TestBase:71 - URL: http://qa3.vytrack.com/user/login
2019-08-06 03:25:41 [main] INFO  TestBase:71 - URL: http://qa3.vytrack.com/user/login
2019-08-06 03:26:00 [main] INFO  TestBase:71 - URL: http://qa3.vytrack.com/user/login
2019-08-06 03:26:14 [main] INFO  TestBase:71 - URL: http://qa3.vytrack.com/user/login
2019-08-06 03:26:28 [main] INFO  TestBase:71 - URL: http://qa3.vytrack.com/user/login
2019-08-06 03:26:41 [main] INFO  TestBase:71 - URL: http://qa3.vytrack.com/user/login
2019-08-06 03:26:43 [main] INFO  TestBase:71 - URL: http://qa3.vytrack.com/user/login
2019-08-06 03:26:44 [main] INFO  TestBase:109 - :: FLUSHING REPORT ::
2019-08-06 03:27:04 [main] INFO  TestBase:47 - Report path: /Users/jovidonbegov/Desktop/Java Projects/Spring2019FinalTestNGFramework/test-output/reports/08_06_2019/report.html
2019-08-06 03:27:09 [main] INFO  TestBase:71 - URL: http://qa1.vytrack.com/user/login
2019-08-06 03:27:28 [main] INFO  TestBase:71 - URL: http://qa1.vytrack.com/user/login
2019-08-06 03:27:48 [main] INFO  TestBase:71 - URL: http://qa1.vytrack.com/user/login
2019-08-06 03:28:06 [main] INFO  TestBase:71 - URL: http://qa1.vytrack.com/user/login
2019-08-06 03:28:26 [main] INFO  TestBase:71 - URL: http://qa1.vytrack.com/user/login
2019-08-06 03:28:44 [main] INFO  TestBase:71 - URL: http://qa1.vytrack.com/user/login
2019-08-06 03:28:56 [main] INFO  TestBase:71 - URL: http://qa1.vytrack.com/user/login
2019-08-06 03:29:09 [main] INFO  TestBase:71 - URL: http://qa1.vytrack.com/user/login
2019-08-06 03:29:23 [main] INFO  TestBase:71 - URL: http://qa1.vytrack.com/user/login
2019-08-06 03:29:25 [main] INFO  TestBase:71 - URL: http://qa1.vytrack.com/user/login
2019-08-06 03:29:26 [main] INFO  TestBase:109 - :: FLUSHING REPORT ::
2019-08-06 03:30:17 [main] INFO  TestBase:47 - Report path: /Users/jovidonbegov/Desktop/Java Projects/Spring2019FinalTestNGFramework/test-output/reports/08_06_2019/report.html
2019-08-06 03:30:22 [main] INFO  TestBase:71 - URL: http://qa1.vytrack.com/user/login
2019-08-06 03:30:39 [main] INFO  TestBase:71 - URL: http://qa1.vytrack.com/user/login
2019-08-06 03:31:01 [main] INFO  TestBase:71 - URL: http://qa1.vytrack.com/user/login
2019-08-06 03:31:18 [main] INFO  TestBase:71 - URL: http://qa1.vytrack.com/user/login
2019-08-06 03:31:35 [main] INFO  TestBase:71 - URL: http://qa1.vytrack.com/user/login
2019-08-06 03:31:51 [main] INFO  TestBase:109 - :: FLUSHING REPORT ::
2019-08-06 03:40:47 [main] INFO  TestBase:47 - Report path: /Users/jovidonbegov/Desktop/Java Projects/Spring2019FinalTestNGFramework/test-output/reports/08_06_2019/report.html
2019-08-06 03:40:51 [main] INFO  TestBase:71 - URL: http://qa1.vytrack.com/user/login
2019-08-06 03:41:04 [main] INFO  TestBase:71 - URL: http://qa1.vytrack.com/user/login
2019-08-06 03:41:15 [main] INFO  TestBase:109 - :: FLUSHING REPORT ::
2019-08-06 03:41:53 [main] INFO  TestBase:47 - Report path: /Users/jovidonbegov/Desktop/Java Projects/Spring2019FinalTestNGFramework/test-output/reports/08_06_2019/report.html
2019-08-06 03:41:57 [main] INFO  TestBase:71 - URL: http://qa1.vytrack.com/user/login
2019-08-06 03:42:10 [main] INFO  TestBase:71 - URL: http://qa1.vytrack.com/user/login
2019-08-06 03:42:20 [main] INFO  TestBase:109 - :: FLUSHING REPORT ::
2019-08-06 04:26:29 [main] INFO  TestBase:47 - Report path: /Users/jovidonbegov/Desktop/Java Projects/Spring2019FinalTestNGFramework/test-output/reports/08_06_2019/report.html
2019-08-06 04:26:33 [TestNG-test=Login-1] INFO  TestBase:71 - URL: http://qa1.vytrack.com/user/login
2019-08-06 04:26:46 [TestNG-test=Login-1] INFO  TestBase:71 - URL: http://qa1.vytrack.com/user/login
2019-08-06 04:26:59 [TestNG-test=Login-1] INFO  TestBase:71 - URL: http://qa1.vytrack.com/user/login
2019-08-06 04:27:11 [TestNG-test=Login-1] INFO  TestBase:71 - URL: http://qa1.vytrack.com/user/login
2019-08-06 04:27:23 [TestNG-test=Login-1] INFO  TestBase:71 - URL: http://qa1.vytrack.com/user/login
2019-08-06 04:27:25 [TestNG-test=Login-1] INFO  TestBase:71 - URL: http://qa1.vytrack.com/user/login
2019-08-06 04:27:26 [main] INFO  TestBase:109 - :: FLUSHING REPORT ::
2019-08-06 05:09:35 [main] INFO  TestBase:47 - Report path: /Users/jovidonbegov/Desktop/Java Projects/Spring2019FinalTestNGFramework/test-output/reports/08_06_2019/report.html
2019-08-06 05:09:41 [main] INFO  TestBase:71 - URL: http://qa1.vytrack.com/user/login
2019-08-06 05:10:21 [main] INFO  TestBase:71 - URL: http://qa1.vytrack.com/user/login
2019-08-06 05:11:03 [main] ERROR BasePage:53 - Loader mask doesn't present.
2019-08-06 05:11:25 [main] INFO  TestBase:71 - URL: http://qa1.vytrack.com/user/login
2019-08-06 05:12:29 [main] INFO  TestBase:71 - URL: http://qa1.vytrack.com/user/login
2019-08-06 05:12:41 [main] ERROR BasePage:75 - Failed to click on :: Marketing
2019-08-06 05:12:41 [main] ERROR BasePage:76 - org.openqa.selenium.TimeoutException: Expected condition failed: waiting for element to be clickable: By.xpath: //span[normalize-space()='Marketing' and contains(@class, 'title title-level-1')] (tried for 8 second(s) with 500 milliseconds interval)
2019-08-06 05:12:46 [main] ERROR BrowserUtils:129 - org.openqa.selenium.NoSuchElementException: no such element: Unable to locate element: {"method":"xpath","selector":"//span[normalize-space()='Marketing' and contains(@class, 'title title-level-1')]"}
  (Session info: chrome=75.0.3770.142)
For documentation on this error, please visit: https://www.seleniumhq.org/exceptions/no_such_element.html
Build info: version: '3.141.59', revision: 'e82be7d358', time: '2018-11-14T08:17:03'
System info: host: 'JOVIDONs-Air', ip: '2605:e000:1908:a34:0:0:0:1000%en0', os.name: 'Mac OS X', os.arch: 'x86_64', os.version: '10.13.4', java.version: '11.0.1'
Driver info: org.openqa.selenium.chrome.ChromeDriver
Capabilities {acceptInsecureCerts: false, browserName: chrome, browserVersion: 75.0.3770.142, chrome: {chromedriverVersion: 75.0.3770.8 (681f24ea911fe7..., userDataDir: /var/folders/c_/8x20_kbn4vn...}, goog:chromeOptions: {debuggerAddress: localhost:51792}, javascriptEnabled: true, networkConnectionEnabled: false, pageLoadStrategy: normal, platform: MAC, platformName: MAC, proxy: Proxy(), setWindowRect: true, strictFileInteractability: false, timeouts: {implicit: 0, pageLoad: 300000, script: 30000}, unhandledPromptBehavior: dismiss and notify}
Session ID: 1eb9454937e2a8f9c3e1fe0e0922da60
*** Element info: {Using=xpath, value=//span[normalize-space()='Marketing' and contains(@class, 'title title-level-1')]}
2019-08-06 05:12:46 [main] ERROR BrowserUtils:131 - Attempt :: 1
2019-08-06 05:12:52 [main] ERROR BrowserUtils:129 - org.openqa.selenium.NoSuchElementException: no such element: Unable to locate element: {"method":"xpath","selector":"//span[normalize-space()='Marketing' and contains(@class, 'title title-level-1')]"}
  (Session info: chrome=75.0.3770.142)
For documentation on this error, please visit: https://www.seleniumhq.org/exceptions/no_such_element.html
Build info: version: '3.141.59', revision: 'e82be7d358', time: '2018-11-14T08:17:03'
System info: host: 'JOVIDONs-Air', ip: '2605:e000:1908:a34:0:0:0:1000%en0', os.name: 'Mac OS X', os.arch: 'x86_64', os.version: '10.13.4', java.version: '11.0.1'
Driver info: org.openqa.selenium.chrome.ChromeDriver
Capabilities {acceptInsecureCerts: false, browserName: chrome, browserVersion: 75.0.3770.142, chrome: {chromedriverVersion: 75.0.3770.8 (681f24ea911fe7..., userDataDir: /var/folders/c_/8x20_kbn4vn...}, goog:chromeOptions: {debuggerAddress: localhost:51792}, javascriptEnabled: true, networkConnectionEnabled: false, pageLoadStrategy: normal, platform: MAC, platformName: MAC, proxy: Proxy(), setWindowRect: true, strictFileInteractability: false, timeouts: {implicit: 0, pageLoad: 300000, script: 30000}, unhandledPromptBehavior: dismiss and notify}
Session ID: 1eb9454937e2a8f9c3e1fe0e0922da60
*** Element info: {Using=xpath, value=//span[normalize-space()='Marketing' and contains(@class, 'title title-level-1')]}
2019-08-06 05:12:52 [main] ERROR BrowserUtils:131 - Attempt :: 2
2019-08-06 05:12:58 [main] ERROR BrowserUtils:129 - org.openqa.selenium.NoSuchElementException: no such element: Unable to locate element: {"method":"xpath","selector":"//span[normalize-space()='Marketing' and contains(@class, 'title title-level-1')]"}
  (Session info: chrome=75.0.3770.142)
For documentation on this error, please visit: https://www.seleniumhq.org/exceptions/no_such_element.html
Build info: version: '3.141.59', revision: 'e82be7d358', time: '2018-11-14T08:17:03'
System info: host: 'JOVIDONs-Air', ip: '2605:e000:1908:a34:0:0:0:1000%en0', os.name: 'Mac OS X', os.arch: 'x86_64', os.version: '10.13.4', java.version: '11.0.1'
Driver info: org.openqa.selenium.chrome.ChromeDriver
Capabilities {acceptInsecureCerts: false, browserName: chrome, browserVersion: 75.0.3770.142, chrome: {chromedriverVersion: 75.0.3770.8 (681f24ea911fe7..., userDataDir: /var/folders/c_/8x20_kbn4vn...}, goog:chromeOptions: {debuggerAddress: localhost:51792}, javascriptEnabled: true, networkConnectionEnabled: false, pageLoadStrategy: normal, platform: MAC, platformName: MAC, proxy: Proxy(), setWindowRect: true, strictFileInteractability: false, timeouts: {implicit: 0, pageLoad: 300000, script: 30000}, unhandledPromptBehavior: dismiss and notify}
Session ID: 1eb9454937e2a8f9c3e1fe0e0922da60
*** Element info: {Using=xpath, value=//span[normalize-space()='Marketing' and contains(@class, 'title title-level-1')]}
2019-08-06 05:12:58 [main] ERROR BrowserUtils:131 - Attempt :: 3
2019-08-06 05:13:04 [main] ERROR BrowserUtils:129 - org.openqa.selenium.NoSuchElementException: no such element: Unable to locate element: {"method":"xpath","selector":"//span[normalize-space()='Marketing' and contains(@class, 'title title-level-1')]"}
  (Session info: chrome=75.0.3770.142)
For documentation on this error, please visit: https://www.seleniumhq.org/exceptions/no_such_element.html
Build info: version: '3.141.59', revision: 'e82be7d358', time: '2018-11-14T08:17:03'
System info: host: 'JOVIDONs-Air', ip: '2605:e000:1908:a34:0:0:0:1000%en0', os.name: 'Mac OS X', os.arch: 'x86_64', os.version: '10.13.4', java.version: '11.0.1'
Driver info: org.openqa.selenium.chrome.ChromeDriver
Capabilities {acceptInsecureCerts: false, browserName: chrome, browserVersion: 75.0.3770.142, chrome: {chromedriverVersion: 75.0.3770.8 (681f24ea911fe7..., userDataDir: /var/folders/c_/8x20_kbn4vn...}, goog:chromeOptions: {debuggerAddress: localhost:51792}, javascriptEnabled: true, networkConnectionEnabled: false, pageLoadStrategy: normal, platform: MAC, platformName: MAC, proxy: Proxy(), setWindowRect: true, strictFileInteractability: false, timeouts: {implicit: 0, pageLoad: 300000, script: 30000}, unhandledPromptBehavior: dismiss and notify}
Session ID: 1eb9454937e2a8f9c3e1fe0e0922da60
*** Element info: {Using=xpath, value=//span[normalize-space()='Marketing' and contains(@class, 'title title-level-1')]}
2019-08-06 05:13:04 [main] ERROR BrowserUtils:131 - Attempt :: 4
2019-08-06 05:13:11 [main] ERROR BrowserUtils:129 - org.openqa.selenium.NoSuchElementException: no such element: Unable to locate element: {"method":"xpath","selector":"//span[normalize-space()='Marketing' and contains(@class, 'title title-level-1')]"}
  (Session info: chrome=75.0.3770.142)
For documentation on this error, please visit: https://www.seleniumhq.org/exceptions/no_such_element.html
Build info: version: '3.141.59', revision: 'e82be7d358', time: '2018-11-14T08:17:03'
System info: host: 'JOVIDONs-Air', ip: '2605:e000:1908:a34:0:0:0:1000%en0', os.name: 'Mac OS X', os.arch: 'x86_64', os.version: '10.13.4', java.version: '11.0.1'
Driver info: org.openqa.selenium.chrome.ChromeDriver
Capabilities {acceptInsecureCerts: false, browserName: chrome, browserVersion: 75.0.3770.142, chrome: {chromedriverVersion: 75.0.3770.8 (681f24ea911fe7..., userDataDir: /var/folders/c_/8x20_kbn4vn...}, goog:chromeOptions: {debuggerAddress: localhost:51792}, javascriptEnabled: true, networkConnectionEnabled: false, pageLoadStrategy: normal, platform: MAC, platformName: MAC, proxy: Proxy(), setWindowRect: true, strictFileInteractability: false, timeouts: {implicit: 0, pageLoad: 300000, script: 30000}, unhandledPromptBehavior: dismiss and notify}
Session ID: 1eb9454937e2a8f9c3e1fe0e0922da60
*** Element info: {Using=xpath, value=//span[normalize-space()='Marketing' and contains(@class, 'title title-level-1')]}
2019-08-06 05:13:11 [main] ERROR BrowserUtils:131 - Attempt :: 5
2019-08-06 05:13:17 [main] ERROR BrowserUtils:129 - org.openqa.selenium.NoSuchElementException: no such element: Unable to locate element: {"method":"xpath","selector":"//span[normalize-space()='Marketing' and contains(@class, 'title title-level-1')]"}
  (Session info: chrome=75.0.3770.142)
For documentation on this error, please visit: https://www.seleniumhq.org/exceptions/no_such_element.html
Build info: version: '3.141.59', revision: 'e82be7d358', time: '2018-11-14T08:17:03'
System info: host: 'JOVIDONs-Air', ip: '2605:e000:1908:a34:0:0:0:1000%en0', os.name: 'Mac OS X', os.arch: 'x86_64', os.version: '10.13.4', java.version: '11.0.1'
Driver info: org.openqa.selenium.chrome.ChromeDriver
Capabilities {acceptInsecureCerts: false, browserName: chrome, browserVersion: 75.0.3770.142, chrome: {chromedriverVersion: 75.0.3770.8 (681f24ea911fe7..., userDataDir: /var/folders/c_/8x20_kbn4vn...}, goog:chromeOptions: {debuggerAddress: localhost:51792}, javascriptEnabled: true, networkConnectionEnabled: false, pageLoadStrategy: normal, platform: MAC, platformName: MAC, proxy: Proxy(), setWindowRect: true, strictFileInteractability: false, timeouts: {implicit: 0, pageLoad: 300000, script: 30000}, unhandledPromptBehavior: dismiss and notify}
Session ID: 1eb9454937e2a8f9c3e1fe0e0922da60
*** Element info: {Using=xpath, value=//span[normalize-space()='Marketing' and contains(@class, 'title title-level-1')]}
2019-08-06 05:13:17 [main] ERROR BrowserUtils:131 - Attempt :: 6
2019-08-06 05:13:23 [main] ERROR BrowserUtils:129 - org.openqa.selenium.NoSuchElementException: no such element: Unable to locate element: {"method":"xpath","selector":"//span[normalize-space()='Marketing' and contains(@class, 'title title-level-1')]"}
  (Session info: chrome=75.0.3770.142)
For documentation on this error, please visit: https://www.seleniumhq.org/exceptions/no_such_element.html
Build info: version: '3.141.59', revision: 'e82be7d358', time: '2018-11-14T08:17:03'
System info: host: 'JOVIDONs-Air', ip: '2605:e000:1908:a34:0:0:0:1000%en0', os.name: 'Mac OS X', os.arch: 'x86_64', os.version: '10.13.4', java.version: '11.0.1'
Driver info: org.openqa.selenium.chrome.ChromeDriver
Capabilities {acceptInsecureCerts: false, browserName: chrome, browserVersion: 75.0.3770.142, chrome: {chromedriverVersion: 75.0.3770.8 (681f24ea911fe7..., userDataDir: /var/folders/c_/8x20_kbn4vn...}, goog:chromeOptions: {debuggerAddress: localhost:51792}, javascriptEnabled: true, networkConnectionEnabled: false, pageLoadStrategy: normal, platform: MAC, platformName: MAC, proxy: Proxy(), setWindowRect: true, strictFileInteractability: false, timeouts: {implicit: 0, pageLoad: 300000, script: 30000}, unhandledPromptBehavior: dismiss and notify}
Session ID: 1eb9454937e2a8f9c3e1fe0e0922da60
*** Element info: {Using=xpath, value=//span[normalize-space()='Marketing' and contains(@class, 'title title-level-1')]}
2019-08-06 05:13:23 [main] ERROR BrowserUtils:131 - Attempt :: 7
2019-08-06 05:13:29 [main] ERROR BrowserUtils:129 - org.openqa.selenium.NoSuchElementException: no such element: Unable to locate element: {"method":"xpath","selector":"//span[normalize-space()='Marketing' and contains(@class, 'title title-level-1')]"}
  (Session info: chrome=75.0.3770.142)
For documentation on this error, please visit: https://www.seleniumhq.org/exceptions/no_such_element.html
Build info: version: '3.141.59', revision: 'e82be7d358', time: '2018-11-14T08:17:03'
System info: host: 'JOVIDONs-Air', ip: '2605:e000:1908:a34:0:0:0:1000%en0', os.name: 'Mac OS X', os.arch: 'x86_64', os.version: '10.13.4', java.version: '11.0.1'
Driver info: org.openqa.selenium.chrome.ChromeDriver
Capabilities {acceptInsecureCerts: false, browserName: chrome, browserVersion: 75.0.3770.142, chrome: {chromedriverVersion: 75.0.3770.8 (681f24ea911fe7..., userDataDir: /var/folders/c_/8x20_kbn4vn...}, goog:chromeOptions: {debuggerAddress: localhost:51792}, javascriptEnabled: true, networkConnectionEnabled: false, pageLoadStrategy: normal, platform: MAC, platformName: MAC, proxy: Proxy(), setWindowRect: true, strictFileInteractability: false, timeouts: {implicit: 0, pageLoad: 300000, script: 30000}, unhandledPromptBehavior: dismiss and notify}
Session ID: 1eb9454937e2a8f9c3e1fe0e0922da60
*** Element info: {Using=xpath, value=//span[normalize-space()='Marketing' and contains(@class, 'title title-level-1')]}
2019-08-06 05:13:29 [main] ERROR BrowserUtils:131 - Attempt :: 8
2019-08-06 05:13:40 [main] ERROR BasePage:85 - Failed to click on :: Campaigns
2019-08-06 05:13:40 [main] ERROR BasePage:86 - org.openqa.selenium.TimeoutException: Expected condition failed: waiting for presence of element located by: By.xpath: //span[normalize-space()='Campaigns' and contains(@class, 'title title-level-2')] (tried for 8 second(s) with 500 milliseconds interval)
2019-08-06 05:13:50 [main] INFO  TestBase:71 - URL: http://qa1.vytrack.com/user/login
2019-08-06 05:14:09 [main] INFO  TestBase:71 - URL: http://qa1.vytrack.com/user/login
2019-08-06 05:14:45 [main] INFO  TestBase:109 - :: FLUSHING REPORT ::
